<?xml version="1.0" encoding="UTF-8"?>
<!-- Generated by org.testng.reporters.JUnitReportReporter -->
<testsuite skipped="0" hostname="DESKTOP-QIAR9V5" name="testingPackage.TestCases" tests="12" failures="0" timestamp="26 Nov 2017 23:56:19 GMT" time="82.603" errors="0">
  <testcase name="test1" time="6.249" classname="testingPackage.TestCases"/>
  <testcase name="test9" time="6.652" classname="testingPackage.TestCases"/>
  <testcase name="test6" time="7.146" classname="testingPackage.TestCases"/>
  <testcase name="test8" time="7.582" classname="testingPackage.TestCases"/>
  <testcase name="test2" time="7.919" classname="testingPackage.TestCases"/>
  <testcase name="test5" time="6.129" classname="testingPackage.TestCases"/>
  <testcase name="test4" time="7.111" classname="testingPackage.TestCases"/>
  <testcase name="test2" time="6.380" classname="testingPackage.TestCases"/>
  <testcase name="test11" time="8.319" classname="testingPackage.TestCases"/>
  <testcase name="test2" time="5.877" classname="testingPackage.TestCases"/>
  <testcase name="test3" time="7.525" classname="testingPackage.TestCases"/>
  <testcase name="test2" time="5.714" classname="testingPackage.TestCases"/>
</testsuite> <!-- testingPackage.TestCases -->
